results/
├── counts
│   ├── all.symbol.tsv
│   ├── all.symbol.tsv.NODATA
│   └── all.tsv
├── deseq2
│   ├── all.rds
│   └── normcounts.tsv
├── diffexp
│   ├── treated-vs-untreated.diffexp.symbol.tsv
│   ├── treated-vs-untreated.diffexp.symbol.tsv.NODATA
│   ├── treated-vs-untreated.diffexp.tsv
│   └── treated-vs-untreated.ma-plot.svg
├── qc
│   ├── fastqc
│   │   ├── a_1_R1_fastqc.html
│   │   ├── a_1_R1_fastqc.zip
│   │   ├── a_1_R2_fastqc.html
│   │   ├── a_1_R2_fastqc.zip
│   │   ├── b_1_R1_fastqc.html
│   │   ├── b_1_R1_fastqc.zip
│   │   ├── b_1_R2_fastqc.html
│   │   └── b_1_R2_fastqc.zip
│   ├── multiqc_report.html
│   ├── multiqc_report_data
│   │   ├── fastqc-status-check-heatmap.txt
│   │   ├── fastqc_adapter_content_plot.txt
│   │   ├── fastqc_overrepresented_sequences_plot.txt
│   │   ├── fastqc_per_base_n_content_plot.txt
│   │   ├── fastqc_per_base_sequence_quality_plot.txt
│   │   ├── fastqc_per_sequence_gc_content_plot_Counts.txt
│   │   ├── fastqc_per_sequence_gc_content_plot_Percentages.txt
│   │   ├── fastqc_per_sequence_quality_scores_plot.txt
│   │   ├── fastqc_sequence_counts_plot.txt
│   │   ├── fastqc_sequence_duplication_levels_plot.txt
│   │   ├── fastqc_sequence_length_distribution_plot.txt
│   │   ├── fastqc_top_overrepresented_sequences_table.txt
│   │   ├── junction_saturation_known.txt
│   │   ├── junction_saturation_novel.txt
│   │   ├── multiqc.log
│   │   ├── multiqc_citations.txt
│   │   ├── multiqc_data.json
│   │   ├── multiqc_fastqc.txt
│   │   ├── multiqc_general_stats.txt
│   │   ├── multiqc_rseqc_bam_stat.txt
│   │   ├── multiqc_rseqc_infer_experiment.txt
│   │   ├── multiqc_rseqc_read_distribution.txt
│   │   ├── multiqc_software_versions.txt
│   │   ├── multiqc_sources.txt
│   │   ├── rseqc_bam_stat.txt
│   │   ├── rseqc_infer_experiment_plot.txt
│   │   ├── rseqc_inner_distance.txt
│   │   ├── rseqc_inner_distance_plot_Counts.txt
│   │   ├── rseqc_inner_distance_plot_Percentages.txt
│   │   ├── rseqc_junction_saturation_all.txt
│   │   ├── rseqc_junction_saturation_plot_All_Junctions.txt
│   │   ├── rseqc_junction_saturation_plot_Known_Junctions.txt
│   │   ├── rseqc_junction_saturation_plot_Novel_Junctions.txt
│   │   ├── rseqc_read_distribution_plot.txt
│   │   ├── rseqc_read_dups.txt
│   │   ├── rseqc_read_dups_plot.txt
│   │   ├── rseqc_read_gc.txt
│   │   ├── rseqc_read_gc_plot_Counts.txt
│   │   ├── rseqc_read_gc_plot_Percentages.txt
│   │   ├── star_gene_counts_Reverse_Stranded.txt
│   │   ├── star_gene_counts_Same_Stranded.txt
│   │   └── star_gene_counts_Unstranded.txt
│   └── rseqc
│       ├── a_1.infer_experiment.txt
│       ├── a_1.inner_distance_freq.inner_distance.txt
│       ├── a_1.inner_distance_freq.inner_distance_freq.txt
│       ├── a_1.inner_distance_freq.inner_distance_plot.pdf
│       ├── a_1.inner_distance_freq.inner_distance_plot.r
│       ├── a_1.junctionanno.junction.Interact.bed
│       ├── a_1.junctionanno.junction.bed
│       ├── a_1.junctionanno.junction.xls
│       ├── a_1.junctionanno.junction_plot.r
│       ├── a_1.junctionanno.splice_events.pdf
│       ├── a_1.junctionanno.splice_junction.pdf
│       ├── a_1.junctionsat.junctionSaturation_plot.pdf
│       ├── a_1.junctionsat.junctionSaturation_plot.r
│       ├── a_1.readdistribution.txt
│       ├── a_1.readdup.DupRate_plot.pdf
│       ├── a_1.readdup.DupRate_plot.r
│       ├── a_1.readdup.pos.DupRate.xls
│       ├── a_1.readdup.seq.DupRate.xls
│       ├── a_1.readgc.GC.xls
│       ├── a_1.readgc.GC_plot.pdf
│       ├── a_1.readgc.GC_plot.r
│       ├── a_1.stats.txt
│       ├── annotation.bed
│       ├── b_1.infer_experiment.txt
│       ├── b_1.inner_distance_freq.inner_distance.txt
│       ├── b_1.inner_distance_freq.inner_distance_freq.txt
│       ├── b_1.inner_distance_freq.inner_distance_plot.pdf
│       ├── b_1.inner_distance_freq.inner_distance_plot.r
│       ├── b_1.junctionanno.junction.Interact.bed
│       ├── b_1.junctionanno.junction.bed
│       ├── b_1.junctionanno.junction.xls
│       ├── b_1.junctionanno.junction_plot.r
│       ├── b_1.junctionanno.splice_events.pdf
│       ├── b_1.junctionanno.splice_junction.pdf
│       ├── b_1.junctionsat.junctionSaturation_plot.pdf
│       ├── b_1.junctionsat.junctionSaturation_plot.r
│       ├── b_1.readdistribution.txt
│       ├── b_1.readdup.DupRate_plot.pdf
│       ├── b_1.readdup.DupRate_plot.r
│       ├── b_1.readdup.pos.DupRate.xls
│       ├── b_1.readdup.seq.DupRate.xls
│       ├── b_1.readgc.GC.xls
│       ├── b_1.readgc.GC_plot.pdf
│       ├── b_1.readgc.GC_plot.r
│       └── b_1.stats.txt
└── star
    ├── a_1
    │   ├── Aligned.sortedByCoord.out.bam
    │   └── ReadsPerGene.out.tab
    └── b_1
        ├── Aligned.sortedByCoord.out.bam
        └── ReadsPerGene.out.tab

10 directories, 109 files
